<?xml version="1.0" encoding="UTF-8"?>
<!-- Generated by org.testng.reporters.JUnitReportReporter -->
<testsuite hostname="DESKTOP-U5DCFPM" failures="0" tests="1" name="saucedemo.testcases.LoginPageTest" time="0.119" errors="0" timestamp="28 Nov 2023 16:15:25 GMT" skipped="0">
  <testcase classname="saucedemo.testcases.LoginPageTest" name="loginWithValidCredentials" time="0.119"/>
</testsuite> <!-- saucedemo.testcases.LoginPageTest -->
